{"/Users/arushin/Downloads/qa-taskmaster/src/App.tsx": {"path":"/Users/arushin/Downloads/qa-taskmaster/src/App.tsx","all":false,"statementMap":{"0":{"start":{"line":1,"column":0},"end":{"line":1,"column":43}},"6":{"start":{"line":7,"column":0},"end":{"line":7,"column":31}},"7":{"start":{"line":8,"column":0},"end":{"line":8,"column":110}},"8":{"start":{"line":9,"column":0},"end":{"line":9,"column":38}},"10":{"start":{"line":11,"column":0},"end":{"line":11,"column":10}},"11":{"start":{"line":12,"column":0},"end":{"line":12,"column":46}},"12":{"start":{"line":13,"column":0},"end":{"line":13,"column":71}},"13":{"start":{"line":14,"column":0},"end":{"line":14,"column":73}},"14":{"start":{"line":15,"column":0},"end":{"line":15,"column":99}},"15":{"start":{"line":16,"column":0},"end":{"line":16,"column":15}},"17":{"start":{"line":18,"column":0},"end":{"line":18,"column":62}},"18":{"start":{"line":19,"column":0},"end":{"line":19,"column":91}},"19":{"start":{"line":20,"column":0},"end":{"line":20,"column":12}},"20":{"start":{"line":21,"column":0},"end":{"line":21,"column":51}},"21":{"start":{"line":22,"column":0},"end":{"line":22,"column":50}},"22":{"start":{"line":23,"column":0},"end":{"line":23,"column":62}},"23":{"start":{"line":24,"column":0},"end":{"line":24,"column":49}},"24":{"start":{"line":25,"column":0},"end":{"line":25,"column":39}},"25":{"start":{"line":26,"column":0},"end":{"line":26,"column":101}},"26":{"start":{"line":27,"column":0},"end":{"line":27,"column":78}},"27":{"start":{"line":28,"column":0},"end":{"line":28,"column":74}},"28":{"start":{"line":29,"column":0},"end":{"line":29,"column":18}},"29":{"start":{"line":30,"column":0},"end":{"line":30,"column":13}},"30":{"start":{"line":31,"column":0},"end":{"line":31,"column":14}},"32":{"start":{"line":33,"column":0},"end":{"line":33,"column":29}},"33":{"start":{"line":34,"column":0},"end":{"line":34,"column":104}},"34":{"start":{"line":35,"column":0},"end":{"line":35,"column":69}},"35":{"start":{"line":36,"column":0},"end":{"line":36,"column":16}},"38":{"start":{"line":39,"column":0},"end":{"line":39,"column":39}},"39":{"start":{"line":40,"column":0},"end":{"line":40,"column":64}},"41":{"start":{"line":42,"column":0},"end":{"line":42,"column":21}},"42":{"start":{"line":43,"column":0},"end":{"line":43,"column":92}},"44":{"start":{"line":45,"column":0},"end":{"line":45,"column":16}},"46":{"start":{"line":47,"column":0},"end":{"line":47,"column":19}},"47":{"start":{"line":48,"column":0},"end":{"line":48,"column":74}},"49":{"start":{"line":50,"column":0},"end":{"line":50,"column":32}},"50":{"start":{"line":51,"column":0},"end":{"line":51,"column":88}},"52":{"start":{"line":53,"column":0},"end":{"line":53,"column":13}},"53":{"start":{"line":54,"column":0},"end":{"line":54,"column":10}},"55":{"start":{"line":56,"column":0},"end":{"line":56,"column":1}}},"s":{"0":1,"6":52,"7":52,"8":52,"10":52,"11":52,"12":52,"13":52,"14":52,"15":52,"17":52,"18":52,"19":52,"20":52,"21":52,"22":52,"23":52,"24":52,"25":208,"26":208,"27":208,"28":208,"29":52,"30":52,"32":52,"33":43,"34":43,"35":43,"38":52,"39":52,"41":52,"42":14,"44":14,"46":52,"47":0,"49":52,"50":38,"52":52,"53":52,"55":52},"branchMap":{"0":{"type":"branch","line":7,"loc":{"start":{"line":7,"column":0},"end":{"line":56,"column":1}},"locations":[{"start":{"line":7,"column":0},"end":{"line":56,"column":1}}]},"1":{"type":"branch","line":33,"loc":{"start":{"line":33,"column":23},"end":{"line":36,"column":16}},"locations":[{"start":{"line":33,"column":23},"end":{"line":36,"column":16}}]},"2":{"type":"branch","line":42,"loc":{"start":{"line":42,"column":9},"end":{"line":45,"column":16}},"locations":[{"start":{"line":42,"column":9},"end":{"line":45,"column":16}}]},"3":{"type":"branch","line":47,"loc":{"start":{"line":47,"column":9},"end":{"line":48,"column":74}},"locations":[{"start":{"line":47,"column":9},"end":{"line":48,"column":74}}]},"4":{"type":"branch","line":50,"loc":{"start":{"line":50,"column":10},"end":{"line":50,"column":32}},"locations":[{"start":{"line":50,"column":10},"end":{"line":50,"column":32}}]},"5":{"type":"branch","line":50,"loc":{"start":{"line":50,"column":22},"end":{"line":51,"column":88}},"locations":[{"start":{"line":50,"column":22},"end":{"line":51,"column":88}}]},"6":{"type":"branch","line":25,"loc":{"start":{"line":25,"column":16},"end":{"line":29,"column":18}},"locations":[{"start":{"line":25,"column":16},"end":{"line":29,"column":18}}]}},"b":{"0":[52],"1":[43],"2":[14],"3":[0],"4":[38],"5":[38],"6":[208]},"fnMap":{"0":{"name":"App","decl":{"start":{"line":7,"column":0},"end":{"line":56,"column":1}},"loc":{"start":{"line":7,"column":0},"end":{"line":56,"column":1}},"line":7}},"f":{"0":52}}
,"/Users/arushin/Downloads/qa-taskmaster/src/api/taskApi.ts": {"path":"/Users/arushin/Downloads/qa-taskmaster/src/api/taskApi.ts","all":false,"statementMap":{"2":{"start":{"line":3,"column":0},"end":{"line":3,"column":25}},"4":{"start":{"line":5,"column":0},"end":{"line":5,"column":53}},"5":{"start":{"line":6,"column":0},"end":{"line":6,"column":31}},"6":{"start":{"line":7,"column":0},"end":{"line":7,"column":55}},"7":{"start":{"line":8,"column":0},"end":{"line":8,"column":19}},"8":{"start":{"line":9,"column":0},"end":{"line":9,"column":1}},"10":{"start":{"line":11,"column":0},"end":{"line":11,"column":33}},"11":{"start":{"line":12,"column":0},"end":{"line":12,"column":38}},"12":{"start":{"line":13,"column":0},"end":{"line":13,"column":18}},"13":{"start":{"line":14,"column":0},"end":{"line":14,"column":33}},"14":{"start":{"line":15,"column":0},"end":{"line":15,"column":19}},"15":{"start":{"line":16,"column":0},"end":{"line":16,"column":52}},"16":{"start":{"line":17,"column":0},"end":{"line":17,"column":31}},"17":{"start":{"line":18,"column":0},"end":{"line":18,"column":4}},"18":{"start":{"line":19,"column":0},"end":{"line":19,"column":55}},"19":{"start":{"line":20,"column":0},"end":{"line":20,"column":19}},"20":{"start":{"line":21,"column":0},"end":{"line":21,"column":1}},"22":{"start":{"line":23,"column":0},"end":{"line":23,"column":33}},"23":{"start":{"line":24,"column":0},"end":{"line":24,"column":13}},"24":{"start":{"line":25,"column":0},"end":{"line":25,"column":24}},"25":{"start":{"line":26,"column":0},"end":{"line":26,"column":44}},"26":{"start":{"line":27,"column":0},"end":{"line":27,"column":44}},"27":{"start":{"line":28,"column":0},"end":{"line":28,"column":20}},"28":{"start":{"line":29,"column":0},"end":{"line":29,"column":52}},"29":{"start":{"line":30,"column":0},"end":{"line":30,"column":34}},"30":{"start":{"line":31,"column":0},"end":{"line":31,"column":4}},"31":{"start":{"line":32,"column":0},"end":{"line":32,"column":31}},"32":{"start":{"line":33,"column":0},"end":{"line":33,"column":37}},"33":{"start":{"line":34,"column":0},"end":{"line":34,"column":1}},"35":{"start":{"line":36,"column":0},"end":{"line":36,"column":75}},"36":{"start":{"line":37,"column":0},"end":{"line":37,"column":64}},"37":{"start":{"line":38,"column":0},"end":{"line":38,"column":31}},"38":{"start":{"line":39,"column":0},"end":{"line":39,"column":1}}},"s":{"2":1,"4":12,"5":12,"6":12,"7":12,"8":12,"10":4,"11":4,"12":4,"13":4,"14":4,"15":4,"16":4,"17":4,"18":4,"19":4,"20":4,"22":2,"23":2,"24":2,"25":2,"26":2,"27":2,"28":2,"29":2,"30":2,"31":2,"32":2,"33":2,"35":3,"36":3,"37":3,"38":3},"branchMap":{"0":{"type":"branch","line":5,"loc":{"start":{"line":5,"column":0},"end":{"line":9,"column":1}},"locations":[{"start":{"line":5,"column":0},"end":{"line":9,"column":1}}]},"1":{"type":"branch","line":7,"loc":{"start":{"line":7,"column":15},"end":{"line":7,"column":55}},"locations":[{"start":{"line":7,"column":15},"end":{"line":7,"column":55}}]},"2":{"type":"branch","line":11,"loc":{"start":{"line":11,"column":0},"end":{"line":21,"column":1}},"locations":[{"start":{"line":11,"column":0},"end":{"line":21,"column":1}}]},"3":{"type":"branch","line":19,"loc":{"start":{"line":19,"column":15},"end":{"line":19,"column":55}},"locations":[{"start":{"line":19,"column":15},"end":{"line":19,"column":55}}]},"4":{"type":"branch","line":23,"loc":{"start":{"line":23,"column":0},"end":{"line":34,"column":1}},"locations":[{"start":{"line":23,"column":0},"end":{"line":34,"column":1}}]},"5":{"type":"branch","line":36,"loc":{"start":{"line":36,"column":0},"end":{"line":39,"column":1}},"locations":[{"start":{"line":36,"column":0},"end":{"line":39,"column":1}}]}},"b":{"0":[12],"1":[0],"2":[4],"3":[0],"4":[2],"5":[3]},"fnMap":{"0":{"name":"fetchTasks","decl":{"start":{"line":5,"column":0},"end":{"line":9,"column":1}},"loc":{"start":{"line":5,"column":0},"end":{"line":9,"column":1}},"line":5},"1":{"name":"createTask","decl":{"start":{"line":11,"column":0},"end":{"line":21,"column":1}},"loc":{"start":{"line":11,"column":0},"end":{"line":21,"column":1}},"line":11},"2":{"name":"updateTask","decl":{"start":{"line":23,"column":0},"end":{"line":34,"column":1}},"loc":{"start":{"line":23,"column":0},"end":{"line":34,"column":1}},"line":23},"3":{"name":"deleteTask","decl":{"start":{"line":36,"column":0},"end":{"line":39,"column":1}},"loc":{"start":{"line":36,"column":0},"end":{"line":39,"column":1}},"line":36}},"f":{"0":12,"1":4,"2":2,"3":3}}
,"/Users/arushin/Downloads/qa-taskmaster/src/components/AddTaskForm.tsx": {"path":"/Users/arushin/Downloads/qa-taskmaster/src/components/AddTaskForm.tsx","all":false,"statementMap":{"0":{"start":{"line":1,"column":0},"end":{"line":1,"column":32}},"8":{"start":{"line":9,"column":0},"end":{"line":9,"column":47}},"9":{"start":{"line":10,"column":0},"end":{"line":10,"column":40}},"10":{"start":{"line":11,"column":0},"end":{"line":11,"column":52}},"11":{"start":{"line":12,"column":0},"end":{"line":12,"column":70}},"12":{"start":{"line":13,"column":0},"end":{"line":13,"column":44}},"13":{"start":{"line":14,"column":0},"end":{"line":14,"column":66}},"15":{"start":{"line":16,"column":0},"end":{"line":16,"column":45}},"16":{"start":{"line":17,"column":0},"end":{"line":17,"column":22}},"17":{"start":{"line":18,"column":0},"end":{"line":18,"column":64}},"18":{"start":{"line":19,"column":0},"end":{"line":19,"column":26}},"19":{"start":{"line":20,"column":0},"end":{"line":20,"column":30}},"20":{"start":{"line":21,"column":0},"end":{"line":21,"column":12}},"21":{"start":{"line":22,"column":0},"end":{"line":22,"column":5}},"22":{"start":{"line":23,"column":0},"end":{"line":23,"column":104}},"23":{"start":{"line":24,"column":0},"end":{"line":24,"column":16}},"24":{"start":{"line":25,"column":0},"end":{"line":25,"column":22}},"25":{"start":{"line":26,"column":0},"end":{"line":26,"column":25}},"26":{"start":{"line":27,"column":0},"end":{"line":27,"column":18}},"27":{"start":{"line":28,"column":0},"end":{"line":28,"column":17}},"28":{"start":{"line":29,"column":0},"end":{"line":29,"column":3}},"30":{"start":{"line":31,"column":0},"end":{"line":31,"column":10}},"31":{"start":{"line":32,"column":0},"end":{"line":32,"column":130}},"32":{"start":{"line":33,"column":0},"end":{"line":33,"column":68}},"34":{"start":{"line":35,"column":0},"end":{"line":35,"column":11}},"35":{"start":{"line":36,"column":0},"end":{"line":36,"column":94}},"37":{"start":{"line":38,"column":0},"end":{"line":38,"column":16}},"38":{"start":{"line":39,"column":0},"end":{"line":39,"column":14}},"39":{"start":{"line":40,"column":0},"end":{"line":40,"column":25}},"40":{"start":{"line":41,"column":0},"end":{"line":41,"column":21}},"41":{"start":{"line":42,"column":0},"end":{"line":42,"column":23}},"42":{"start":{"line":43,"column":0},"end":{"line":43,"column":50}},"43":{"start":{"line":44,"column":0},"end":{"line":44,"column":40}},"44":{"start":{"line":45,"column":0},"end":{"line":45,"column":30}},"45":{"start":{"line":46,"column":0},"end":{"line":46,"column":39}},"46":{"start":{"line":47,"column":0},"end":{"line":47,"column":69}},"47":{"start":{"line":48,"column":0},"end":{"line":48,"column":119}},"48":{"start":{"line":49,"column":0},"end":{"line":49,"column":10}},"49":{"start":{"line":50,"column":0},"end":{"line":50,"column":26}},"50":{"start":{"line":51,"column":0},"end":{"line":51,"column":99}},"52":{"start":{"line":53,"column":0},"end":{"line":53,"column":12}},"54":{"start":{"line":55,"column":0},"end":{"line":55,"column":11}},"55":{"start":{"line":56,"column":0},"end":{"line":56,"column":93}},"57":{"start":{"line":58,"column":0},"end":{"line":58,"column":16}},"58":{"start":{"line":59,"column":0},"end":{"line":59,"column":17}},"59":{"start":{"line":60,"column":0},"end":{"line":60,"column":24}},"60":{"start":{"line":61,"column":0},"end":{"line":61,"column":29}},"61":{"start":{"line":62,"column":0},"end":{"line":62,"column":56}},"62":{"start":{"line":63,"column":0},"end":{"line":63,"column":18}},"63":{"start":{"line":64,"column":0},"end":{"line":64,"column":78}},"64":{"start":{"line":65,"column":0},"end":{"line":65,"column":10}},"65":{"start":{"line":66,"column":0},"end":{"line":66,"column":12}},"67":{"start":{"line":68,"column":0},"end":{"line":68,"column":34}},"68":{"start":{"line":69,"column":0},"end":{"line":69,"column":32}},"69":{"start":{"line":70,"column":0},"end":{"line":70,"column":99}},"71":{"start":{"line":72,"column":0},"end":{"line":72,"column":18}},"72":{"start":{"line":73,"column":0},"end":{"line":73,"column":17}},"73":{"start":{"line":74,"column":0},"end":{"line":74,"column":30}},"74":{"start":{"line":75,"column":0},"end":{"line":75,"column":28}},"75":{"start":{"line":76,"column":0},"end":{"line":76,"column":75}},"76":{"start":{"line":77,"column":0},"end":{"line":77,"column":80}},"78":{"start":{"line":79,"column":0},"end":{"line":79,"column":44}},"79":{"start":{"line":80,"column":0},"end":{"line":80,"column":50}},"80":{"start":{"line":81,"column":0},"end":{"line":81,"column":46}},"81":{"start":{"line":82,"column":0},"end":{"line":82,"column":19}},"82":{"start":{"line":83,"column":0},"end":{"line":83,"column":14}},"83":{"start":{"line":84,"column":0},"end":{"line":84,"column":32}},"84":{"start":{"line":85,"column":0},"end":{"line":85,"column":94}},"86":{"start":{"line":87,"column":0},"end":{"line":87,"column":18}},"87":{"start":{"line":88,"column":0},"end":{"line":88,"column":16}},"88":{"start":{"line":89,"column":0},"end":{"line":89,"column":25}},"89":{"start":{"line":90,"column":0},"end":{"line":90,"column":23}},"90":{"start":{"line":91,"column":0},"end":{"line":91,"column":27}},"91":{"start":{"line":92,"column":0},"end":{"line":92,"column":54}},"92":{"start":{"line":93,"column":0},"end":{"line":93,"column":80}},"93":{"start":{"line":94,"column":0},"end":{"line":94,"column":12}},"94":{"start":{"line":95,"column":0},"end":{"line":95,"column":14}},"95":{"start":{"line":96,"column":0},"end":{"line":96,"column":12}},"97":{"start":{"line":98,"column":0},"end":{"line":98,"column":13}},"98":{"start":{"line":99,"column":0},"end":{"line":99,"column":21}},"99":{"start":{"line":100,"column":0},"end":{"line":100,"column":118}},"100":{"start":{"line":101,"column":0},"end":{"line":101,"column":7}},"102":{"start":{"line":103,"column":0},"end":{"line":103,"column":15}},"103":{"start":{"line":104,"column":0},"end":{"line":104,"column":11}},"105":{"start":{"line":106,"column":0},"end":{"line":106,"column":1}}},"s":{"0":1,"8":1,"9":247,"10":247,"11":247,"12":247,"13":247,"15":247,"16":11,"17":11,"18":11,"19":6,"20":6,"21":6,"22":11,"23":11,"24":11,"25":11,"26":11,"27":11,"28":11,"30":247,"31":247,"32":247,"34":247,"35":247,"37":247,"38":247,"39":247,"40":247,"41":247,"42":247,"43":247,"44":247,"45":247,"46":247,"47":247,"48":247,"49":247,"50":21,"52":247,"54":247,"55":247,"57":247,"58":247,"59":247,"60":247,"61":247,"62":247,"63":247,"64":247,"65":247,"67":247,"68":247,"69":247,"71":247,"72":247,"73":247,"74":247,"75":247,"76":247,"78":247,"79":247,"80":247,"81":247,"82":247,"83":247,"84":247,"86":247,"87":247,"88":247,"89":247,"90":247,"91":247,"92":247,"93":247,"94":247,"95":247,"97":247,"98":247,"99":247,"100":247,"102":247,"103":247,"105":247},"branchMap":{"0":{"type":"branch","line":9,"loc":{"start":{"line":9,"column":7},"end":{"line":106,"column":1}},"locations":[{"start":{"line":9,"column":7},"end":{"line":106,"column":1}}]},"1":{"type":"branch","line":47,"loc":{"start":{"line":47,"column":35},"end":{"line":47,"column":59}},"locations":[{"start":{"line":47,"column":35},"end":{"line":47,"column":59}}]},"2":{"type":"branch","line":47,"loc":{"start":{"line":47,"column":43},"end":{"line":47,"column":69}},"locations":[{"start":{"line":47,"column":43},"end":{"line":47,"column":69}}]},"3":{"type":"branch","line":48,"loc":{"start":{"line":48,"column":71},"end":{"line":48,"column":98}},"locations":[{"start":{"line":48,"column":71},"end":{"line":48,"column":98}}]},"4":{"type":"branch","line":48,"loc":{"start":{"line":48,"column":79},"end":{"line":48,"column":116}},"locations":[{"start":{"line":48,"column":79},"end":{"line":48,"column":116}}]},"5":{"type":"branch","line":50,"loc":{"start":{"line":50,"column":16},"end":{"line":51,"column":99}},"locations":[{"start":{"line":50,"column":16},"end":{"line":51,"column":99}}]},"6":{"type":"branch","line":16,"loc":{"start":{"line":16,"column":2},"end":{"line":29,"column":3}},"locations":[{"start":{"line":16,"column":2},"end":{"line":29,"column":3}}]},"7":{"type":"branch","line":19,"loc":{"start":{"line":19,"column":25},"end":{"line":22,"column":5}},"locations":[{"start":{"line":19,"column":25},"end":{"line":22,"column":5}}]},"8":{"type":"branch","line":22,"loc":{"start":{"line":22,"column":4},"end":{"line":23,"column":102}},"locations":[{"start":{"line":22,"column":4},"end":{"line":23,"column":102}}]},"9":{"type":"branch","line":43,"loc":{"start":{"line":43,"column":20},"end":{"line":43,"column":50}},"locations":[{"start":{"line":43,"column":20},"end":{"line":43,"column":50}}]},"10":{"type":"branch","line":76,"loc":{"start":{"line":76,"column":22},"end":{"line":76,"column":75}},"locations":[{"start":{"line":76,"column":22},"end":{"line":76,"column":75}}]}},"b":{"0":[247],"1":[21],"2":[226],"3":[21],"4":[226],"5":[21],"6":[11],"7":[6],"8":[5],"9":[173],"10":[1]},"fnMap":{"0":{"name":"AddTaskForm","decl":{"start":{"line":9,"column":7},"end":{"line":106,"column":1}},"loc":{"start":{"line":9,"column":7},"end":{"line":106,"column":1}},"line":9},"1":{"name":"handleSubmit","decl":{"start":{"line":16,"column":2},"end":{"line":29,"column":3}},"loc":{"start":{"line":16,"column":2},"end":{"line":29,"column":3}},"line":16},"2":{"name":"onChange","decl":{"start":{"line":43,"column":20},"end":{"line":43,"column":50}},"loc":{"start":{"line":43,"column":20},"end":{"line":43,"column":50}},"line":43},"3":{"name":"onChange","decl":{"start":{"line":62,"column":20},"end":{"line":62,"column":56}},"loc":{"start":{"line":62,"column":20},"end":{"line":62,"column":56}},"line":62},"4":{"name":"onChange","decl":{"start":{"line":76,"column":22},"end":{"line":76,"column":75}},"loc":{"start":{"line":76,"column":22},"end":{"line":76,"column":75}},"line":76},"5":{"name":"onChange","decl":{"start":{"line":92,"column":22},"end":{"line":92,"column":54}},"loc":{"start":{"line":92,"column":22},"end":{"line":92,"column":54}},"line":92}},"f":{"0":247,"1":11,"2":173,"3":0,"4":1,"5":0}}
,"/Users/arushin/Downloads/qa-taskmaster/src/components/FilterBar.tsx": {"path":"/Users/arushin/Downloads/qa-taskmaster/src/components/FilterBar.tsx","all":false,"statementMap":{"0":{"start":{"line":1,"column":0},"end":{"line":1,"column":48}},"7":{"start":{"line":8,"column":0},"end":{"line":8,"column":62}},"8":{"start":{"line":9,"column":0},"end":{"line":9,"column":10}},"9":{"start":{"line":10,"column":0},"end":{"line":10,"column":95}},"10":{"start":{"line":11,"column":0},"end":{"line":11,"column":12}},"11":{"start":{"line":12,"column":0},"end":{"line":12,"column":21}},"12":{"start":{"line":13,"column":0},"end":{"line":13,"column":33}},"13":{"start":{"line":14,"column":0},"end":{"line":14,"column":37}},"14":{"start":{"line":15,"column":0},"end":{"line":15,"column":35}},"15":{"start":{"line":16,"column":0},"end":{"line":16,"column":90}},"16":{"start":{"line":17,"column":0},"end":{"line":17,"column":87}},"17":{"start":{"line":18,"column":0},"end":{"line":18,"column":8}},"18":{"start":{"line":19,"column":0},"end":{"line":19,"column":13}},"19":{"start":{"line":20,"column":0},"end":{"line":20,"column":37}},"20":{"start":{"line":21,"column":0},"end":{"line":21,"column":35}},"21":{"start":{"line":22,"column":0},"end":{"line":22,"column":110}},"22":{"start":{"line":23,"column":0},"end":{"line":23,"column":71}},"24":{"start":{"line":25,"column":0},"end":{"line":25,"column":46}},"25":{"start":{"line":26,"column":0},"end":{"line":26,"column":43}},"26":{"start":{"line":27,"column":0},"end":{"line":27,"column":56}},"27":{"start":{"line":28,"column":0},"end":{"line":28,"column":42}},"28":{"start":{"line":29,"column":0},"end":{"line":29,"column":15}},"29":{"start":{"line":30,"column":0},"end":{"line":30,"column":13}},"30":{"start":{"line":31,"column":0},"end":{"line":31,"column":39}},"31":{"start":{"line":32,"column":0},"end":{"line":32,"column":37}},"32":{"start":{"line":33,"column":0},"end":{"line":33,"column":114}},"33":{"start":{"line":34,"column":0},"end":{"line":34,"column":71}},"35":{"start":{"line":36,"column":0},"end":{"line":36,"column":48}},"36":{"start":{"line":37,"column":0},"end":{"line":37,"column":42}},"37":{"start":{"line":38,"column":0},"end":{"line":38,"column":46}},"38":{"start":{"line":39,"column":0},"end":{"line":39,"column":40}},"39":{"start":{"line":40,"column":0},"end":{"line":40,"column":15}},"40":{"start":{"line":41,"column":0},"end":{"line":41,"column":13}},"41":{"start":{"line":42,"column":0},"end":{"line":42,"column":42}},"42":{"start":{"line":43,"column":0},"end":{"line":43,"column":73}},"43":{"start":{"line":44,"column":0},"end":{"line":44,"column":7}},"45":{"start":{"line":46,"column":0},"end":{"line":46,"column":15}},"46":{"start":{"line":47,"column":0},"end":{"line":47,"column":10}},"48":{"start":{"line":49,"column":0},"end":{"line":49,"column":1}}},"s":{"0":1,"7":1,"8":59,"9":59,"10":59,"11":59,"12":59,"13":59,"14":59,"15":59,"16":59,"17":59,"18":59,"19":59,"20":59,"21":59,"22":59,"24":59,"25":59,"26":59,"27":59,"28":59,"29":59,"30":59,"31":59,"32":59,"33":59,"35":59,"36":59,"37":59,"38":59,"39":59,"40":59,"41":59,"42":59,"43":59,"45":59,"46":59,"48":59},"branchMap":{"0":{"type":"branch","line":8,"loc":{"start":{"line":8,"column":7},"end":{"line":49,"column":1}},"locations":[{"start":{"line":8,"column":7},"end":{"line":49,"column":1}}]},"1":{"type":"branch","line":15,"loc":{"start":{"line":15,"column":22},"end":{"line":15,"column":35}},"locations":[{"start":{"line":15,"column":22},"end":{"line":15,"column":35}}]},"2":{"type":"branch","line":21,"loc":{"start":{"line":21,"column":22},"end":{"line":21,"column":35}},"locations":[{"start":{"line":21,"column":22},"end":{"line":21,"column":35}}]},"3":{"type":"branch","line":32,"loc":{"start":{"line":32,"column":22},"end":{"line":32,"column":37}},"locations":[{"start":{"line":32,"column":22},"end":{"line":32,"column":37}}]},"4":{"type":"branch","line":16,"loc":{"start":{"line":16,"column":18},"end":{"line":16,"column":90}},"locations":[{"start":{"line":16,"column":18},"end":{"line":16,"column":90}}]},"5":{"type":"branch","line":16,"loc":{"start":{"line":16,"column":68},"end":{"line":16,"column":87}},"locations":[{"start":{"line":16,"column":68},"end":{"line":16,"column":87}}]},"6":{"type":"branch","line":22,"loc":{"start":{"line":22,"column":18},"end":{"line":22,"column":110}},"locations":[{"start":{"line":22,"column":18},"end":{"line":22,"column":110}}]},"7":{"type":"branch","line":22,"loc":{"start":{"line":22,"column":69},"end":{"line":22,"column":107}},"locations":[{"start":{"line":22,"column":69},"end":{"line":22,"column":107}}]},"8":{"type":"branch","line":33,"loc":{"start":{"line":33,"column":18},"end":{"line":33,"column":114}},"locations":[{"start":{"line":33,"column":18},"end":{"line":33,"column":114}}]},"9":{"type":"branch","line":33,"loc":{"start":{"line":33,"column":71},"end":{"line":33,"column":111}},"locations":[{"start":{"line":33,"column":71},"end":{"line":33,"column":111}}]},"10":{"type":"branch","line":42,"loc":{"start":{"line":42,"column":17},"end":{"line":42,"column":42}},"locations":[{"start":{"line":42,"column":17},"end":{"line":42,"column":42}}]}},"b":{"0":[59],"1":[31],"2":[56],"3":[58],"4":[27],"5":[0],"6":[1],"7":[0],"8":[2],"9":[0],"10":[2]},"fnMap":{"0":{"name":"FilterBar","decl":{"start":{"line":8,"column":7},"end":{"line":49,"column":1}},"loc":{"start":{"line":8,"column":7},"end":{"line":49,"column":1}},"line":8},"1":{"name":"onChange","decl":{"start":{"line":16,"column":18},"end":{"line":16,"column":90}},"loc":{"start":{"line":16,"column":18},"end":{"line":16,"column":90}},"line":16},"2":{"name":"onChange","decl":{"start":{"line":22,"column":18},"end":{"line":22,"column":110}},"loc":{"start":{"line":22,"column":18},"end":{"line":22,"column":110}},"line":22},"3":{"name":"onChange","decl":{"start":{"line":33,"column":18},"end":{"line":33,"column":114}},"loc":{"start":{"line":33,"column":18},"end":{"line":33,"column":114}},"line":33},"4":{"name":"onClick","decl":{"start":{"line":42,"column":17},"end":{"line":42,"column":42}},"loc":{"start":{"line":42,"column":17},"end":{"line":42,"column":42}},"line":42}},"f":{"0":59,"1":27,"2":1,"3":2,"4":2}}
,"/Users/arushin/Downloads/qa-taskmaster/src/components/TaskItem.tsx": {"path":"/Users/arushin/Downloads/qa-taskmaster/src/components/TaskItem.tsx","all":false,"statementMap":{"0":{"start":{"line":1,"column":0},"end":{"line":1,"column":36}},"8":{"start":{"line":9,"column":0},"end":{"line":9,"column":59}},"9":{"start":{"line":10,"column":0},"end":{"line":10,"column":49}},"10":{"start":{"line":11,"column":0},"end":{"line":11,"column":60}},"11":{"start":{"line":12,"column":0},"end":{"line":12,"column":54}},"12":{"start":{"line":13,"column":0},"end":{"line":13,"column":1}},"14":{"start":{"line":15,"column":0},"end":{"line":15,"column":72}},"16":{"start":{"line":17,"column":0},"end":{"line":17,"column":69}},"17":{"start":{"line":18,"column":0},"end":{"line":18,"column":10}},"18":{"start":{"line":19,"column":0},"end":{"line":19,"column":8}},"19":{"start":{"line":20,"column":0},"end":{"line":20,"column":20}},"20":{"start":{"line":21,"column":0},"end":{"line":21,"column":40}},"21":{"start":{"line":22,"column":0},"end":{"line":22,"column":29}},"22":{"start":{"line":23,"column":0},"end":{"line":23,"column":28}},"23":{"start":{"line":24,"column":0},"end":{"line":24,"column":98}},"25":{"start":{"line":26,"column":0},"end":{"line":26,"column":38}},"26":{"start":{"line":27,"column":0},"end":{"line":27,"column":54}},"27":{"start":{"line":28,"column":0},"end":{"line":28,"column":111}},"28":{"start":{"line":29,"column":0},"end":{"line":29,"column":27}},"29":{"start":{"line":30,"column":0},"end":{"line":30,"column":17}},"30":{"start":{"line":31,"column":0},"end":{"line":31,"column":13}},"31":{"start":{"line":32,"column":0},"end":{"line":32,"column":115}},"33":{"start":{"line":34,"column":0},"end":{"line":34,"column":24}},"34":{"start":{"line":35,"column":0},"end":{"line":35,"column":15}},"35":{"start":{"line":36,"column":0},"end":{"line":36,"column":14}},"36":{"start":{"line":37,"column":0},"end":{"line":37,"column":30}},"37":{"start":{"line":38,"column":0},"end":{"line":38,"column":75}},"39":{"start":{"line":40,"column":0},"end":{"line":40,"column":26}},"40":{"start":{"line":41,"column":0},"end":{"line":41,"column":76}},"42":{"start":{"line":43,"column":0},"end":{"line":43,"column":12}},"44":{"start":{"line":45,"column":0},"end":{"line":45,"column":56}},"45":{"start":{"line":46,"column":0},"end":{"line":46,"column":15}},"46":{"start":{"line":47,"column":0},"end":{"line":47,"column":41}},"47":{"start":{"line":48,"column":0},"end":{"line":48,"column":29}},"48":{"start":{"line":49,"column":0},"end":{"line":49,"column":83}},"49":{"start":{"line":50,"column":0},"end":{"line":50,"column":80}},"51":{"start":{"line":52,"column":0},"end":{"line":52,"column":36}},"52":{"start":{"line":53,"column":0},"end":{"line":53,"column":50}},"53":{"start":{"line":54,"column":0},"end":{"line":54,"column":13}},"54":{"start":{"line":55,"column":0},"end":{"line":55,"column":17}},"55":{"start":{"line":56,"column":0},"end":{"line":56,"column":15}},"56":{"start":{"line":57,"column":0},"end":{"line":57,"column":51}},"57":{"start":{"line":58,"column":0},"end":{"line":58,"column":43}},"58":{"start":{"line":59,"column":0},"end":{"line":59,"column":107}},"59":{"start":{"line":60,"column":0},"end":{"line":60,"column":9}},"61":{"start":{"line":62,"column":0},"end":{"line":62,"column":17}},"62":{"start":{"line":63,"column":0},"end":{"line":63,"column":12}},"63":{"start":{"line":64,"column":0},"end":{"line":64,"column":10}},"65":{"start":{"line":66,"column":0},"end":{"line":66,"column":1}}},"s":{"0":1,"8":1,"9":1,"10":1,"11":1,"12":1,"14":1,"16":1,"17":65,"18":65,"19":65,"20":65,"21":65,"22":65,"23":65,"25":65,"26":65,"27":65,"28":65,"29":65,"30":65,"31":65,"33":65,"34":65,"35":65,"36":65,"37":11,"39":65,"40":1,"42":65,"44":65,"45":65,"46":65,"47":65,"48":65,"49":65,"51":65,"52":195,"53":65,"54":65,"55":65,"56":65,"57":65,"58":65,"59":65,"61":65,"62":65,"63":65,"65":65},"branchMap":{"0":{"type":"branch","line":17,"loc":{"start":{"line":17,"column":7},"end":{"line":66,"column":1}},"locations":[{"start":{"line":17,"column":7},"end":{"line":66,"column":1}}]},"1":{"type":"branch","line":32,"loc":{"start":{"line":32,"column":69},"end":{"line":32,"column":110}},"locations":[{"start":{"line":32,"column":69},"end":{"line":32,"column":110}}]},"2":{"type":"branch","line":32,"loc":{"start":{"line":32,"column":78},"end":{"line":32,"column":112}},"locations":[{"start":{"line":32,"column":78},"end":{"line":32,"column":112}}]},"3":{"type":"branch","line":37,"loc":{"start":{"line":37,"column":14},"end":{"line":38,"column":75}},"locations":[{"start":{"line":37,"column":14},"end":{"line":38,"column":75}}]},"4":{"type":"branch","line":40,"loc":{"start":{"line":40,"column":14},"end":{"line":41,"column":76}},"locations":[{"start":{"line":40,"column":14},"end":{"line":41,"column":76}}]},"5":{"type":"branch","line":49,"loc":{"start":{"line":49,"column":20},"end":{"line":49,"column":83}},"locations":[{"start":{"line":49,"column":20},"end":{"line":49,"column":83}}]},"6":{"type":"branch","line":52,"loc":{"start":{"line":52,"column":30},"end":{"line":53,"column":50}},"locations":[{"start":{"line":52,"column":30},"end":{"line":53,"column":50}}]},"7":{"type":"branch","line":58,"loc":{"start":{"line":58,"column":19},"end":{"line":58,"column":43}},"locations":[{"start":{"line":58,"column":19},"end":{"line":58,"column":43}}]}},"b":{"0":[65],"1":[15],"2":[50],"3":[11],"4":[1],"5":[2],"6":[195],"7":[2]},"fnMap":{"0":{"name":"TaskItem","decl":{"start":{"line":17,"column":7},"end":{"line":66,"column":1}},"loc":{"start":{"line":17,"column":7},"end":{"line":66,"column":1}},"line":17},"1":{"name":"onChange","decl":{"start":{"line":49,"column":20},"end":{"line":49,"column":83}},"loc":{"start":{"line":49,"column":20},"end":{"line":49,"column":83}},"line":49},"2":{"name":"onClick","decl":{"start":{"line":58,"column":19},"end":{"line":58,"column":43}},"loc":{"start":{"line":58,"column":19},"end":{"line":58,"column":43}},"line":58}},"f":{"0":65,"1":2,"2":2}}
,"/Users/arushin/Downloads/qa-taskmaster/src/components/TaskList.tsx": {"path":"/Users/arushin/Downloads/qa-taskmaster/src/components/TaskList.tsx","all":false,"statementMap":{"0":{"start":{"line":1,"column":0},"end":{"line":1,"column":36}},"9":{"start":{"line":10,"column":0},"end":{"line":10,"column":70}},"10":{"start":{"line":11,"column":0},"end":{"line":11,"column":27}},"11":{"start":{"line":12,"column":0},"end":{"line":12,"column":12}},"12":{"start":{"line":13,"column":0},"end":{"line":13,"column":89}},"14":{"start":{"line":15,"column":0},"end":{"line":15,"column":12}},"16":{"start":{"line":17,"column":0},"end":{"line":17,"column":3}},"18":{"start":{"line":19,"column":0},"end":{"line":19,"column":10}},"19":{"start":{"line":20,"column":0},"end":{"line":20,"column":53}},"20":{"start":{"line":21,"column":0},"end":{"line":21,"column":26}},"21":{"start":{"line":22,"column":0},"end":{"line":22,"column":26}},"22":{"start":{"line":23,"column":0},"end":{"line":23,"column":86}},"23":{"start":{"line":24,"column":0},"end":{"line":24,"column":13}},"24":{"start":{"line":25,"column":0},"end":{"line":25,"column":9}},"25":{"start":{"line":26,"column":0},"end":{"line":26,"column":9}},"27":{"start":{"line":28,"column":0},"end":{"line":28,"column":1}}},"s":{"0":1,"9":1,"10":38,"11":14,"12":14,"14":14,"16":14,"18":24,"19":24,"20":24,"21":53,"22":53,"23":53,"24":24,"25":24,"27":24},"branchMap":{"0":{"type":"branch","line":10,"loc":{"start":{"line":10,"column":7},"end":{"line":28,"column":1}},"locations":[{"start":{"line":10,"column":7},"end":{"line":28,"column":1}}]},"1":{"type":"branch","line":11,"loc":{"start":{"line":11,"column":26},"end":{"line":17,"column":3}},"locations":[{"start":{"line":11,"column":26},"end":{"line":17,"column":3}}]},"2":{"type":"branch","line":17,"loc":{"start":{"line":17,"column":2},"end":{"line":28,"column":1}},"locations":[{"start":{"line":17,"column":2},"end":{"line":28,"column":1}}]},"3":{"type":"branch","line":21,"loc":{"start":{"line":21,"column":17},"end":{"line":24,"column":13}},"locations":[{"start":{"line":21,"column":17},"end":{"line":24,"column":13}}]}},"b":{"0":[38],"1":[14],"2":[24],"3":[53]},"fnMap":{"0":{"name":"TaskList","decl":{"start":{"line":10,"column":7},"end":{"line":28,"column":1}},"loc":{"start":{"line":10,"column":7},"end":{"line":28,"column":1}},"line":10}},"f":{"0":38}}
,"/Users/arushin/Downloads/qa-taskmaster/src/hooks/useTasks.ts": {"path":"/Users/arushin/Downloads/qa-taskmaster/src/hooks/useTasks.ts","all":false,"statementMap":{"0":{"start":{"line":1,"column":0},"end":{"line":1,"column":56}},"5":{"start":{"line":6,"column":0},"end":{"line":6,"column":28}},"6":{"start":{"line":7,"column":0},"end":{"line":7,"column":54}},"7":{"start":{"line":8,"column":0},"end":{"line":8,"column":54}},"8":{"start":{"line":9,"column":0},"end":{"line":9,"column":46}},"9":{"start":{"line":10,"column":0},"end":{"line":10,"column":57}},"11":{"start":{"line":12,"column":0},"end":{"line":12,"column":19}},"12":{"start":{"line":13,"column":0},"end":{"line":13,"column":16}},"13":{"start":{"line":14,"column":0},"end":{"line":14,"column":38}},"14":{"start":{"line":15,"column":0},"end":{"line":15,"column":52}},"15":{"start":{"line":16,"column":0},"end":{"line":16,"column":39}},"16":{"start":{"line":17,"column":0},"end":{"line":17,"column":8}},"18":{"start":{"line":19,"column":0},"end":{"line":19,"column":83}},"19":{"start":{"line":20,"column":0},"end":{"line":20,"column":46}},"20":{"start":{"line":21,"column":0},"end":{"line":21,"column":43}},"21":{"start":{"line":22,"column":0},"end":{"line":22,"column":8}},"23":{"start":{"line":24,"column":0},"end":{"line":24,"column":82}},"24":{"start":{"line":25,"column":0},"end":{"line":25,"column":36}},"25":{"start":{"line":26,"column":0},"end":{"line":26,"column":74}},"26":{"start":{"line":27,"column":0},"end":{"line":27,"column":8}},"28":{"start":{"line":29,"column":0},"end":{"line":29,"column":56}},"29":{"start":{"line":30,"column":0},"end":{"line":30,"column":24}},"30":{"start":{"line":31,"column":0},"end":{"line":31,"column":54}},"31":{"start":{"line":32,"column":0},"end":{"line":32,"column":8}},"33":{"start":{"line":34,"column":0},"end":{"line":34,"column":10}},"34":{"start":{"line":35,"column":0},"end":{"line":35,"column":57}},"35":{"start":{"line":36,"column":0},"end":{"line":36,"column":13}},"36":{"start":{"line":37,"column":0},"end":{"line":37,"column":11}},"37":{"start":{"line":38,"column":0},"end":{"line":38,"column":14}},"38":{"start":{"line":39,"column":0},"end":{"line":39,"column":12}},"39":{"start":{"line":40,"column":0},"end":{"line":40,"column":17}},"40":{"start":{"line":41,"column":0},"end":{"line":41,"column":15}},"41":{"start":{"line":42,"column":0},"end":{"line":42,"column":12}},"42":{"start":{"line":43,"column":0},"end":{"line":43,"column":10}},"43":{"start":{"line":44,"column":0},"end":{"line":44,"column":3}},"44":{"start":{"line":45,"column":0},"end":{"line":45,"column":1}}},"s":{"0":1,"5":1,"6":52,"7":52,"8":52,"9":52,"11":52,"12":9,"13":9,"14":9,"15":9,"16":52,"18":52,"19":2,"20":2,"21":52,"23":52,"24":0,"25":0,"26":52,"28":52,"29":1,"30":1,"31":52,"33":52,"34":52,"35":52,"36":52,"37":52,"38":52,"39":52,"40":52,"41":52,"42":52,"43":52,"44":52},"branchMap":{"0":{"type":"branch","line":6,"loc":{"start":{"line":6,"column":7},"end":{"line":45,"column":1}},"locations":[{"start":{"line":6,"column":7},"end":{"line":45,"column":1}}]},"1":{"type":"branch","line":12,"loc":{"start":{"line":12,"column":12},"end":{"line":17,"column":5}},"locations":[{"start":{"line":12,"column":12},"end":{"line":17,"column":5}}]},"2":{"type":"branch","line":14,"loc":{"start":{"line":14,"column":12},"end":{"line":14,"column":37}},"locations":[{"start":{"line":14,"column":12},"end":{"line":14,"column":37}}]},"3":{"type":"branch","line":16,"loc":{"start":{"line":16,"column":15},"end":{"line":16,"column":38}},"locations":[{"start":{"line":16,"column":15},"end":{"line":16,"column":38}}]},"4":{"type":"branch","line":19,"loc":{"start":{"line":19,"column":30},"end":{"line":22,"column":5}},"locations":[{"start":{"line":19,"column":30},"end":{"line":22,"column":5}}]},"5":{"type":"branch","line":21,"loc":{"start":{"line":21,"column":16},"end":{"line":21,"column":42}},"locations":[{"start":{"line":21,"column":16},"end":{"line":21,"column":42}}]},"6":{"type":"branch","line":29,"loc":{"start":{"line":29,"column":33},"end":{"line":32,"column":5}},"locations":[{"start":{"line":29,"column":33},"end":{"line":32,"column":5}}]},"7":{"type":"branch","line":31,"loc":{"start":{"line":31,"column":16},"end":{"line":31,"column":53}},"locations":[{"start":{"line":31,"column":16},"end":{"line":31,"column":53}}]},"8":{"type":"branch","line":31,"loc":{"start":{"line":31,"column":36},"end":{"line":31,"column":52}},"locations":[{"start":{"line":31,"column":36},"end":{"line":31,"column":52}}]}},"b":{"0":[52],"1":[9],"2":[9],"3":[9],"4":[2],"5":[2],"6":[1],"7":[1],"8":[3]},"fnMap":{"0":{"name":"useTasks","decl":{"start":{"line":6,"column":7},"end":{"line":45,"column":1}},"loc":{"start":{"line":6,"column":7},"end":{"line":45,"column":1}},"line":6}},"f":{"0":52}}
,"/Users/arushin/Downloads/qa-taskmaster/src/types/index.ts": {"path":"/Users/arushin/Downloads/qa-taskmaster/src/types/index.ts","all":true,"statementMap":{},"s":{},"branchMap":{"0":{"type":"branch","line":1,"loc":{"start":{"line":1,"column":347},"end":{"line":18,"column":1}},"locations":[{"start":{"line":1,"column":347},"end":{"line":18,"column":1}}]}},"b":{"0":[1]},"fnMap":{"0":{"name":"(empty-report)","decl":{"start":{"line":1,"column":347},"end":{"line":18,"column":1}},"loc":{"start":{"line":1,"column":347},"end":{"line":18,"column":1}},"line":1}},"f":{"0":1}}
,"/Users/arushin/Downloads/qa-taskmaster/src/utils/taskUtils.ts": {"path":"/Users/arushin/Downloads/qa-taskmaster/src/utils/taskUtils.ts","all":false,"statementMap":{"2":{"start":{"line":3,"column":0},"end":{"line":3,"column":72}},"3":{"start":{"line":4,"column":0},"end":{"line":4,"column":31}},"4":{"start":{"line":5,"column":0},"end":{"line":5,"column":68}},"5":{"start":{"line":6,"column":0},"end":{"line":6,"column":74}},"6":{"start":{"line":7,"column":0},"end":{"line":7,"column":102}},"7":{"start":{"line":8,"column":0},"end":{"line":8,"column":15}},"8":{"start":{"line":9,"column":0},"end":{"line":9,"column":4}},"9":{"start":{"line":10,"column":0},"end":{"line":10,"column":1}},"11":{"start":{"line":12,"column":0},"end":{"line":12,"column":55}},"12":{"start":{"line":13,"column":0},"end":{"line":13,"column":72}},"13":{"start":{"line":14,"column":0},"end":{"line":14,"column":73}},"14":{"start":{"line":15,"column":0},"end":{"line":15,"column":1}},"16":{"start":{"line":17,"column":0},"end":{"line":17,"column":45}},"17":{"start":{"line":18,"column":0},"end":{"line":18,"column":60}},"18":{"start":{"line":19,"column":0},"end":{"line":19,"column":10}},"19":{"start":{"line":20,"column":0},"end":{"line":20,"column":24}},"20":{"start":{"line":21,"column":0},"end":{"line":21,"column":56}},"21":{"start":{"line":22,"column":0},"end":{"line":22,"column":69}},"22":{"start":{"line":23,"column":0},"end":{"line":23,"column":9}},"23":{"start":{"line":24,"column":0},"end":{"line":24,"column":85}},"24":{"start":{"line":25,"column":0},"end":{"line":25,"column":3}},"25":{"start":{"line":26,"column":0},"end":{"line":26,"column":1}},"27":{"start":{"line":28,"column":0},"end":{"line":28,"column":48}},"28":{"start":{"line":29,"column":0},"end":{"line":29,"column":59}},"29":{"start":{"line":30,"column":0},"end":{"line":30,"column":44}},"30":{"start":{"line":31,"column":0},"end":{"line":31,"column":1}}},"s":{"2":1,"3":61,"4":162,"5":162,"6":162,"7":81,"8":61,"9":61,"11":1,"12":55,"13":55,"14":55,"16":1,"17":56,"18":56,"19":56,"20":56,"21":56,"22":56,"23":56,"24":56,"25":56,"27":1,"28":4,"29":2,"30":2},"branchMap":{"0":{"type":"branch","line":3,"loc":{"start":{"line":3,"column":7},"end":{"line":10,"column":1}},"locations":[{"start":{"line":3,"column":7},"end":{"line":10,"column":1}}]},"1":{"type":"branch","line":4,"loc":{"start":{"line":4,"column":22},"end":{"line":9,"column":3}},"locations":[{"start":{"line":4,"column":22},"end":{"line":9,"column":3}}]},"2":{"type":"branch","line":5,"loc":{"start":{"line":5,"column":15},"end":{"line":5,"column":56}},"locations":[{"start":{"line":5,"column":15},"end":{"line":5,"column":56}}]},"3":{"type":"branch","line":5,"loc":{"start":{"line":5,"column":56},"end":{"line":5,"column":68}},"locations":[{"start":{"line":5,"column":56},"end":{"line":5,"column":68}}]},"4":{"type":"branch","line":5,"loc":{"start":{"line":5,"column":63},"end":{"line":6,"column":27}},"locations":[{"start":{"line":5,"column":63},"end":{"line":6,"column":27}}]},"5":{"type":"branch","line":6,"loc":{"start":{"line":6,"column":15},"end":{"line":6,"column":62}},"locations":[{"start":{"line":6,"column":15},"end":{"line":6,"column":62}}]},"6":{"type":"branch","line":6,"loc":{"start":{"line":6,"column":62},"end":{"line":6,"column":74}},"locations":[{"start":{"line":6,"column":62},"end":{"line":6,"column":74}}]},"7":{"type":"branch","line":6,"loc":{"start":{"line":6,"column":69},"end":{"line":7,"column":25}},"locations":[{"start":{"line":6,"column":69},"end":{"line":7,"column":25}}]},"8":{"type":"branch","line":7,"loc":{"start":{"line":7,"column":15},"end":{"line":7,"column":90}},"locations":[{"start":{"line":7,"column":15},"end":{"line":7,"column":90}}]},"9":{"type":"branch","line":7,"loc":{"start":{"line":7,"column":90},"end":{"line":7,"column":102}},"locations":[{"start":{"line":7,"column":90},"end":{"line":7,"column":102}}]},"10":{"type":"branch","line":7,"loc":{"start":{"line":7,"column":97},"end":{"line":8,"column":15}},"locations":[{"start":{"line":7,"column":97},"end":{"line":8,"column":15}}]},"11":{"type":"branch","line":12,"loc":{"start":{"line":12,"column":7},"end":{"line":15,"column":1}},"locations":[{"start":{"line":12,"column":7},"end":{"line":15,"column":1}}]},"12":{"type":"branch","line":14,"loc":{"start":{"line":14,"column":25},"end":{"line":14,"column":72}},"locations":[{"start":{"line":14,"column":25},"end":{"line":14,"column":72}}]},"13":{"type":"branch","line":17,"loc":{"start":{"line":17,"column":7},"end":{"line":26,"column":1}},"locations":[{"start":{"line":17,"column":7},"end":{"line":26,"column":1}}]},"14":{"type":"branch","line":24,"loc":{"start":{"line":24,"column":37},"end":{"line":24,"column":45}},"locations":[{"start":{"line":24,"column":37},"end":{"line":24,"column":45}}]},"15":{"type":"branch","line":24,"loc":{"start":{"line":24,"column":41},"end":{"line":24,"column":85}},"locations":[{"start":{"line":24,"column":41},"end":{"line":24,"column":85}}]},"16":{"type":"branch","line":18,"loc":{"start":{"line":18,"column":28},"end":{"line":18,"column":52}},"locations":[{"start":{"line":18,"column":28},"end":{"line":18,"column":52}}]},"17":{"type":"branch","line":21,"loc":{"start":{"line":21,"column":23},"end":{"line":21,"column":47}},"locations":[{"start":{"line":21,"column":23},"end":{"line":21,"column":47}}]},"18":{"type":"branch","line":22,"loc":{"start":{"line":22,"column":29},"end":{"line":22,"column":60}},"locations":[{"start":{"line":22,"column":29},"end":{"line":22,"column":60}}]},"19":{"type":"branch","line":28,"loc":{"start":{"line":28,"column":7},"end":{"line":31,"column":1}},"locations":[{"start":{"line":28,"column":7},"end":{"line":31,"column":1}}]},"20":{"type":"branch","line":29,"loc":{"start":{"line":29,"column":12},"end":{"line":29,"column":47}},"locations":[{"start":{"line":29,"column":12},"end":{"line":29,"column":47}}]},"21":{"type":"branch","line":29,"loc":{"start":{"line":29,"column":47},"end":{"line":31,"column":1}},"locations":[{"start":{"line":29,"column":47},"end":{"line":31,"column":1}}]}},"b":{"0":[61],"1":[162],"2":[8],"3":[5],"4":[157],"5":[6],"6":[3],"7":[154],"8":[94],"9":[73],"10":[81],"11":[55],"12":[48],"13":[56],"14":[10],"15":[46],"16":[142],"17":[142],"18":[142],"19":[4],"20":[3],"21":[2]},"fnMap":{"0":{"name":"filterTasks","decl":{"start":{"line":3,"column":7},"end":{"line":10,"column":1}},"loc":{"start":{"line":3,"column":7},"end":{"line":10,"column":1}},"line":3},"1":{"name":"sortByPriority","decl":{"start":{"line":12,"column":7},"end":{"line":15,"column":1}},"loc":{"start":{"line":12,"column":7},"end":{"line":15,"column":1}},"line":12},"2":{"name":"getTaskStats","decl":{"start":{"line":17,"column":7},"end":{"line":26,"column":1}},"loc":{"start":{"line":17,"column":7},"end":{"line":26,"column":1}},"line":17},"3":{"name":"isOverdue","decl":{"start":{"line":28,"column":7},"end":{"line":31,"column":1}},"loc":{"start":{"line":28,"column":7},"end":{"line":31,"column":1}},"line":28}},"f":{"0":61,"1":55,"2":56,"3":4}}
,"/Users/arushin/Downloads/qa-taskmaster/src/utils/validators.ts": {"path":"/Users/arushin/Downloads/qa-taskmaster/src/utils/validators.ts","all":false,"statementMap":{"5":{"start":{"line":6,"column":0},"end":{"line":6,"column":36}},"9":{"start":{"line":10,"column":0},"end":{"line":10,"column":22}},"10":{"start":{"line":11,"column":0},"end":{"line":11,"column":43}},"12":{"start":{"line":13,"column":0},"end":{"line":13,"column":54}},"13":{"start":{"line":14,"column":0},"end":{"line":14,"column":38}},"14":{"start":{"line":15,"column":0},"end":{"line":15,"column":44}},"15":{"start":{"line":16,"column":0},"end":{"line":16,"column":56}},"16":{"start":{"line":17,"column":0},"end":{"line":17,"column":46}},"17":{"start":{"line":18,"column":0},"end":{"line":18,"column":55}},"18":{"start":{"line":19,"column":0},"end":{"line":19,"column":3}},"20":{"start":{"line":21,"column":0},"end":{"line":21,"column":58}},"21":{"start":{"line":22,"column":0},"end":{"line":22,"column":67}},"22":{"start":{"line":23,"column":0},"end":{"line":23,"column":3}},"24":{"start":{"line":25,"column":0},"end":{"line":25,"column":21}},"25":{"start":{"line":26,"column":0},"end":{"line":26,"column":38}},"26":{"start":{"line":27,"column":0},"end":{"line":27,"column":31}},"27":{"start":{"line":28,"column":0},"end":{"line":28,"column":44}},"28":{"start":{"line":29,"column":0},"end":{"line":29,"column":5}},"29":{"start":{"line":30,"column":0},"end":{"line":30,"column":3}},"31":{"start":{"line":32,"column":0},"end":{"line":32,"column":10}},"32":{"start":{"line":33,"column":0},"end":{"line":33,"column":46}},"33":{"start":{"line":34,"column":0},"end":{"line":34,"column":11}},"34":{"start":{"line":35,"column":0},"end":{"line":35,"column":3}},"35":{"start":{"line":36,"column":0},"end":{"line":36,"column":1}}},"s":{"5":1,"9":24,"10":24,"12":24,"13":7,"14":24,"15":2,"16":17,"17":2,"18":2,"20":24,"21":2,"22":2,"24":24,"25":3,"26":3,"27":1,"28":1,"29":3,"31":24,"32":24,"33":24,"34":24,"35":24},"branchMap":{"0":{"type":"branch","line":6,"loc":{"start":{"line":6,"column":7},"end":{"line":36,"column":1}},"locations":[{"start":{"line":6,"column":7},"end":{"line":36,"column":1}}]},"1":{"type":"branch","line":13,"loc":{"start":{"line":13,"column":12},"end":{"line":13,"column":53}},"locations":[{"start":{"line":13,"column":12},"end":{"line":13,"column":53}}]},"2":{"type":"branch","line":13,"loc":{"start":{"line":13,"column":53},"end":{"line":15,"column":13}},"locations":[{"start":{"line":13,"column":53},"end":{"line":15,"column":13}}]},"3":{"type":"branch","line":15,"loc":{"start":{"line":15,"column":2},"end":{"line":19,"column":3}},"locations":[{"start":{"line":15,"column":2},"end":{"line":19,"column":3}}]},"4":{"type":"branch","line":15,"loc":{"start":{"line":15,"column":43},"end":{"line":17,"column":13}},"locations":[{"start":{"line":15,"column":43},"end":{"line":17,"column":13}}]},"5":{"type":"branch","line":17,"loc":{"start":{"line":17,"column":2},"end":{"line":19,"column":3}},"locations":[{"start":{"line":17,"column":2},"end":{"line":19,"column":3}}]},"6":{"type":"branch","line":17,"loc":{"start":{"line":17,"column":45},"end":{"line":19,"column":3}},"locations":[{"start":{"line":17,"column":45},"end":{"line":19,"column":3}}]},"7":{"type":"branch","line":21,"loc":{"start":{"line":21,"column":11},"end":{"line":21,"column":57}},"locations":[{"start":{"line":21,"column":11},"end":{"line":21,"column":57}}]},"8":{"type":"branch","line":21,"loc":{"start":{"line":21,"column":57},"end":{"line":23,"column":3}},"locations":[{"start":{"line":21,"column":57},"end":{"line":23,"column":3}}]},"9":{"type":"branch","line":25,"loc":{"start":{"line":25,"column":20},"end":{"line":30,"column":3}},"locations":[{"start":{"line":25,"column":20},"end":{"line":30,"column":3}}]},"10":{"type":"branch","line":27,"loc":{"start":{"line":27,"column":30},"end":{"line":29,"column":5}},"locations":[{"start":{"line":27,"column":30},"end":{"line":29,"column":5}}]}},"b":{"0":[24],"1":[18],"2":[7],"3":[17],"4":[2],"5":[15],"6":[2],"7":[3],"8":[2],"9":[3],"10":[1]},"fnMap":{"0":{"name":"validateTask","decl":{"start":{"line":6,"column":7},"end":{"line":36,"column":1}},"loc":{"start":{"line":6,"column":7},"end":{"line":36,"column":1}},"line":6}},"f":{"0":24}}
}
